C51 COMPILER V9.52.0.0   MAIN                                                              08/18/2016 09:16:05 PAGE 1   


C51 COMPILER V9.52.0.0, COMPILATION OF MODULE MAIN
OBJECT MODULE PLACED IN ..\OUT\main.obj
COMPILER INVOKED BY: C:\Program Files\kile\C51\BIN\C51.EXE ..\SRC\main.c LARGE OMF2 BROWSE INCDIR(..\SRC;..\INC;..\PRO) 
                    -DEBUG PRINT(.\main.lst) TABS(2) OBJECT(..\OUT\main.obj)

line level    source

   1          /*=========================================================
   2          // 程序更改说明
   3          
   4          =========================================================*/
   5          
   6          #define  MAIN_GLOBAL
   7          #include "include.h"
   8          unsigned short timerc;
   9          volatile OS_SYS sys;
  10          
  11          ///////////////////////////////全局变量/////////////////////////////////////
  12          volatile UINT8   digital_led_loading = OFF;
  13          volatile UINT8   digital_led_refresh = OFF;
  14          volatile UINT16  digital_led_loading_static = 0;
  15          volatile UINT8   led_static_warn = OFF;//当本标签按下按钮后的信息10秒钟后，
  16                                                                          //其数据都还没被采集上去，则蓝色闪烁）；
  17          //volatile UINT16   led_static_warn_cnt = 0;
  18          //volatile UINT8 led_flash_switch =OFF;
  19          
  20          volatile UINT8 led_flash_NO =LED_RED;         //灯组控制
  21          volatile UINT16 led_flash_period=1000;          //闪烁周期控制
  22          volatile UINT8 led_flash_mode =LED_FLASH_MODE_1V1;    //亮灭时间比例控制:0常亮
  23          volatile UINT8 led_flash_status = 0;          //闪烁控制灯时，灯当前的状态,0――灭；1――亮
  24          volatile UINT8 led_flash_NO_BK =LED_RED;        //灯组控制备份数据(拉进度条后使用)
  25          
  26          //未完成任务块
  27          volatile UINT8 beSettingAddr = 0;           //0:非设置站址    1:设置站址    2：站址设定已经按下OK键
  28          volatile UINT8 toSettedAddr[3];             //待设定地址值
  29          volatile UINT8 task_unupdate_num = 0;             //主机未下传作业任务总数
  30          volatile UINT8 task_unfinish_num =0;          //未完成任务总数= 0,1...MAX_TASK_NUM
  31          volatile UINT8 task_unfinish_NO[MAX_TASK_NUM] ={0};   //货位号
  32          volatile UINT8 task_un_goods_numH[MAX_TASK_NUM] ={0}; //商品数据高位
  33          volatile UINT8 task_un_goods_numL[MAX_TASK_NUM] ={0}; //商品数据低位
  34          
  35          ///已完成任务块
  36          volatile UINT8 task_finished_num =0;            //已完成任务总数= 0,1...MAX_TASK_NUM
  37          volatile UINT8 task_finished_NO[MAX_TASK_NUM] ={0};     //货位号
  38          volatile UINT8 task_ed_goods_numH[MAX_TASK_NUM] ={0}; //商品数据高位
  39          volatile UINT8 task_ed_goods_numL[MAX_TASK_NUM] ={0}; //商品数据低位
  40          
  41          volatile UINT8 SystemLocked = OFF;            //锁定系统、解锁系统
  42          
  43          volatile DisplayInfo DispInfoCur;           //当前显示信息     
  44          ///////////////////////////////全局变量-END-////////////////////////////////
  45           
  46          ////////////////////////////////////////////////////////////////////////////////
  47          // 功能描述 : main program
  48          // 输入参数 : 
  49          // 返回参数 : 
  50          // 说明     :  
  51          ////////////////////////////////////////////////////////////////////////////////
  52          int main(void) 
  53          {   
  54   1        DelayMs(200);    //等待电源稳定        
C51 COMPILER V9.52.0.0   MAIN                                                              08/18/2016 09:16:05 PAGE 2   

  55   1      
  56   1        EA = 0;
  57   1        digital_led_cntrl_Init();
  58   1        IO_Init();
  59   1        InitT0();
  60   1      
  61   1        LoadParaInEeprom();
  62   1        baudrate   = BD_9600;
  63   1        UART232_Init();
  64   1        UART485_Init(); //固定使用38400波特率
  65   1      
  66   1      
  67   1                   
  68   1        Start_Init();
  69   1        M485_CTRL_OFF;
  70   1        EA = 1;//使能中断               
  71   1        while(1)
  72   1        { 
  73   2          P0M1 = 0x00;    //灯塔强推挽输出
  74   2          P0M0 = 0x0f;
  75   2      
  76   2          P1M1 = 0x00;
  77   2          P1M0 = 0x83;
  78   2          
  79   2          //地址设定时显示地址，并亮灯
  80   2          if(beSettingAddr == 1 ||  beSettingAddr == 2)
  81   2          {
  82   3            if(digital_led_refresh == ON)
  83   3            {
  84   4              digital_led_refresh = OFF;
  85   4              digital_led_dispaddr();
  86   4            }
  87   3          }
  88   2          //1个信号灯与3组led指示灯闪烁控制
  89   2          CMD_led_flash();
  90   2          //灯塔电源控制
  91   2          CMD_LigheTower_flash();
  92   2          //刷新一次数码管数值（包括显示当前作业的以及数据回显）
  93   2          if( digital_led_refresh == ON) 
  94   2          {
  95   3            digital_led_refresh = OFF;
  96   3            digital_led_disp();
  97   3          }
  98   2          //按键处理(有按键时)
  99   2          Scan_Keyboard();
 100   2          if (keyStatus != CMD_KEY_NULL) 
 101   2          {
 102   3            Process_Keyboard();
 103   3          }
 104   2          //处理485通讯
 105   2          if (uart.rFlag == ON)
 106   2          {
 107   3            Send485SerialByte((UINT8 *)uart.rBuffer, uart.rIndex);  //串口打印接收到的数据
 108   3            Cmd_Process();
 109   3            uart.rFlag   = OFF;
 110   3            uart.rIndex  = 0;
 111   3          }
 112   2        }                
 113   1      }
 114          ////////////////////////////////////////////////////////////////////////////////
 115          // 功能描述 : 定时器中断入口
 116          // 输入参数 : 
C51 COMPILER V9.52.0.0   MAIN                                                              08/18/2016 09:16:05 PAGE 3   

 117          // 返回参数 : 
 118          // 说明     : 1ms中断
 119          ////////////////////////////////////////////////////////////////////////////////
 120          void timer0_int (void) interrupt 1
 121          { 
 122   1        int index = 0;
 123   1      
 124   1          TH0  = TH0_INIT;
 125   1          TL0  = TL0_INIT;
 126   1          
 127   1          sys.led_scan_flag  = ON;
 128   1          //串口1-485缓冲区有数据
 129   1          if (uart.rIndex != 0)       
 130   1          {
 131   2              if (uart.rTimer-- == 0) 
 132   2              {
 133   3            uart.rFlag  = ON;
 134   3          }
 135   2          }
 136   1      
 137   1          //串口2-232缓冲区有数据
 138   1          if (uart232.rIndex != 0)        
 139   1          {
 140   2          if (uart232.rTimer-- == 0) 
 141   2          {
 142   3            uart232.rFlag  = ON;
 143   3            digital_led_refresh = ON;
 144   3          }
 145   2          }    
 146   1          //递减计算器，自减1
 147   1          if (sys.led_flash_count != 0)
 148   1              sys.led_flash_count--;
 149   1        for(index = 0; index < 6; index++)
 150   1        {
 151   2          if(LightTowerCtl[index].led_flash_count > 0)
 152   2            LightTowerCtl[index].led_flash_count--;
 153   2        }
 154   1          //挨个扫描数码管
 155   1          led_Scan();
 156   1        timerc++;
 157   1        if(timerc>1000)
 158   1        {
 159   2           p_led_red =1;
 160   2          
 161   2        }
 162   1        else
 163   1           p_led_red =0;
 164   1        if(timerc>2000)
 165   1           timerc=0;
 166   1      }
 167          /*******************************************************************************
 168                          END         
 169          *******************************************************************************/
 170          


MODULE INFORMATION:   STATIC OVERLAYABLE
   CODE SIZE        =    406    ----
   CONSTANT SIZE    =   ----    ----
   XDATA SIZE       =     57    ----
   PDATA SIZE       =   ----    ----
   DATA SIZE        =   ----    ----
C51 COMPILER V9.52.0.0   MAIN                                                              08/18/2016 09:16:05 PAGE 4   

   IDATA SIZE       =   ----    ----
   BIT SIZE         =   ----    ----
   EDATA SIZE       =   ----    ----
   HDATA SIZE       =   ----    ----
   XDATA CONST SIZE =   ----    ----
   FAR CONST SIZE   =   ----    ----
END OF MODULE INFORMATION.


C51 COMPILATION COMPLETE.  0 WARNING(S),  0 ERROR(S)
