C51 COMPILER V9.52.0.0   TIMER                                                             08/18/2016 09:16:14 PAGE 1   


C51 COMPILER V9.52.0.0, COMPILATION OF MODULE TIMER
OBJECT MODULE PLACED IN ..\OUT\timer.obj
COMPILER INVOKED BY: C:\Program Files\kile\C51\BIN\C51.EXE ..\SRC\timer.c LARGE OMF2 BROWSE INCDIR(..\SRC;..\INC;..\PRO)
                    - DEBUG PRINT(.\timer.lst) TABS(2) OBJECT(..\OUT\timer.obj)

line level    source

   1          #define TIMER_GLOBAL
   2          #include "include.h"
   3          ////////////////////////////////////////////////////////////////////////////////
   4          // 功能描述 : 定时器初始化
   5          // 输入参数 : 
   6          // 返回参数 : 
   7          // 说明     :  
   8          ////////////////////////////////////////////////////////////////////////////////
   9          void InitT0(void)
  10          {
  11   1          //定时1ms//默认为12T模式=>T0_CLK=SYS_CLK/12=11 059 200 /12 =921600      
  12   1          TMOD = (TMOD & 0xf0) | 0x01;    //mode 1: 16 bit counter  //
  13   1          TH0  = TH0_INIT;
  14   1          TL0  = TL0_INIT;  
  15   1      
  16   1          ET0  = 1;                       //allow interrupt
  17   1          TR0  = 1;                       //open timer0
  18   1      
  19   1          return;
  20   1      }


MODULE INFORMATION:   STATIC OVERLAYABLE
   CODE SIZE        =     19    ----
   CONSTANT SIZE    =   ----    ----
   XDATA SIZE       =   ----    ----
   PDATA SIZE       =   ----    ----
   DATA SIZE        =   ----    ----
   IDATA SIZE       =   ----    ----
   BIT SIZE         =   ----    ----
   EDATA SIZE       =   ----    ----
   HDATA SIZE       =   ----    ----
   XDATA CONST SIZE =   ----    ----
   FAR CONST SIZE   =   ----    ----
END OF MODULE INFORMATION.


C51 COMPILATION COMPLETE.  0 WARNING(S),  0 ERROR(S)
