C51 COMPILER V9.00   CRC                                                                   07/15/2016 17:46:16 PAGE 1   


C51 COMPILER V9.00, COMPILATION OF MODULE CRC
OBJECT MODULE PLACED IN ..\OUT\crc.obj
COMPILER INVOKED BY: C:\C51\BIN\C51.EXE ..\SRC\crc.c LARGE BROWSE INCDIR(..\INC;..\PRO;..\SRC) DEBUG OBJECTEXTEND PRINT(
                    -.\crc.lst) OBJECT(..\OUT\crc.obj)

line level    source

   1          #include "include.h"
   2          /* 高位字节的CRC  值 */ 
   3          const UINT8 code auchCRCHi[] = { 
   4          0x00, 0xC1, 0x81, 0x40, 0x01, 0xC0, 0x80, 0x41, 0x01, 0xC0, 0x80, 0x41,           //1
   5          0x00, 0xC1, 0x81,  
   6          0x40, 0x01, 0xC0, 0x80, 0x41, 0x00, 0xC1, 0x81, 0x40, 0x00, 0xC1, 0x81,           //2
   7          0x40, 0x01, 0xC0,  
   8          0x80, 0x41, 0x01, 0xC0, 0x80, 0x41, 0x00, 0xC1, 0x81, 0x40, 0x00, 0xC1,       //3
   9          0x81, 0x40, 0x01,  
  10          0xC0, 0x80, 0x41, 0x00, 0xC1, 0x81, 0x40, 0x01, 0xC0, 0x80, 0x41, 0x01,           //4
  11          0xC0, 0x80, 0x41,  
  12          0x00, 0xC1, 0x81, 0x40, 0x01, 0xC0, 0x80, 0x41, 0x00, 0xC1, 0x81, 0x40,           //5
  13          0x00, 0xC1, 0x81,  
  14          0x40, 0x01, 0xC0, 0x80, 0x41, 0x00, 0xC1, 0x81, 0x40, 0x01, 0xC0, 0x80,           //6
  15          0x41, 0x01, 0xC0,  
  16          0x80, 0x41, 0x00, 0xC1, 0x81, 0x40, 0x00, 0xC1, 0x81, 0x40, 0x01, 0xC0,           //7
  17          0x80, 0x41, 0x01,  
  18          0xC0, 0x80, 0x41, 0x00, 0xC1, 0x81, 0x40, 0x01, 0xC0, 0x80, 0x41, 0x00,           //8
  19          0xC1, 0x81, 0x40,  
  20          0x00, 0xC1, 0x81, 0x40, 0x01, 0xC0, 0x80, 0x41, 0x01, 0xC0, 0x80, 0x41,           //9
  21          0x00, 0xC1, 0x81,  
  22          0x40, 0x00, 0xC1, 0x81, 0x40, 0x01, 0xC0, 0x80, 0x41, 0x00, 0xC1, 0x81,           //10
  23          0x40, 0x01, 0xC0,  
  24          0x80, 0x41, 0x01, 0xC0, 0x80, 0x41, 0x00, 0xC1, 0x81, 0x40, 0x00, 0xC1,           //11
  25          0x81, 0x40, 0x01,  
  26          0xC0, 0x80, 0x41, 0x01, 0xC0, 0x80, 0x41, 0x00, 0xC1, 0x81, 0x40, 0x01,           //12
  27          0xC0, 0x80, 0x41,  
  28          0x00, 0xC1, 0x81, 0x40, 0x00, 0xC1, 0x81, 0x40, 0x01, 0xC0, 0x80, 0x41,           //13
  29          0x00, 0xC1, 0x81,  
  30          0x40, 0x01, 0xC0, 0x80, 0x41, 0x01, 0xC0, 0x80, 0x41, 0x00, 0xC1, 0x81,           //14
  31          0x40, 0x01, 0xC0,  
  32          0x80, 0x41, 0x00, 0xC1, 0x81, 0x40, 0x00, 0xC1, 0x81, 0x40, 0x01, 0xC0,           //15
  33          0x80, 0x41, 0x01,  
  34          0xC0, 0x80, 0x41, 0x00, 0xC1, 0x81, 0x40, 0x00, 0xC1, 0x81, 0x40, 0x01,           //16
  35          0xC0, 0x80, 0x41,  
  36          0x00, 0xC1, 0x81, 0x40, 0x01, 0xC0, 0x80, 0x41, 0x01, 0xC0, 0x80, 0x41,           //17
  37          0x00, 0xC1, 0x81,  
  38          0x40 
  39          }; 
  40          
  41          
  42          /* 低位字节的CRC  值 */ 
  43          const UINT8 code auchCRCLo[] = { 
  44          0x00, 0xC0, 0xC1, 0x01, 0xC3, 0x03, 0x02, 0xC2, 0xC6, 0x06, 0x07, 0xC7,                 //1
  45          0x05, 0xC5, 0xC4, 
  46          0x04, 0xCC, 0x0C, 0x0D, 0xCD, 0x0F, 0xCF, 0xCE, 0x0E, 0x0A, 0xCA, 0xCB,                 //2
  47          0x0B, 0xC9, 0x09, 
  48          0x08, 0xC8, 0xD8, 0x18, 0x19, 0xD9, 0x1B, 0xDB, 0xDA, 0x1A, 0x1E, 0xDE,                 //3
  49          0xDF, 0x1F, 0xDD, 
  50          0x1D, 0x1C, 0xDC, 0x14, 0xD4, 0xD5, 0x15, 0xD7, 0x17, 0x16, 0xD6, 0xD2,                 //4
  51          0x12, 0x13, 0xD3,                                                                                                                               
  52          0x11, 0xD1, 0xD0, 0x10, 0xF0, 0x30, 0x31, 0xF1, 0x33, 0xF3, 0xF2, 0x32,                 //5
  53          0x36, 0xF6, 0xF7,                                                                                                                               
  54          0x37, 0xF5, 0x35, 0x34, 0xF4, 0x3C, 0xFC, 0xFD, 0x3D, 0xFF, 0x3F, 0x3E,                 //6
C51 COMPILER V9.00   CRC                                                                   07/15/2016 17:46:16 PAGE 2   

  55          0xFE, 0xFA, 0x3A, 
  56          0x3B, 0xFB, 0x39, 0xF9, 0xF8, 0x38, 0x28, 0xE8, 0xE9, 0x29, 0xEB, 0x2B,                 //7
  57          0x2A, 0xEA, 0xEE, 
  58          0x2E, 0x2F, 0xEF, 0x2D, 0xED, 0xEC, 0x2C, 0xE4, 0x24, 0x25, 0xE5, 0x27,                 //8
  59          0xE7, 0xE6, 0x26, 
  60          0x22, 0xE2, 0xE3, 0x23, 0xE1, 0x21, 0x20, 0xE0, 0xA0, 0x60, 0x61, 0xA1,                 //9
  61          0x63, 0xA3, 0xA2, 
  62          0x62, 0x66, 0xA6, 0xA7, 0x67, 0xA5, 0x65, 0x64, 0xA4, 0x6C, 0xAC, 0xAD,                 //10
  63          0x6D, 0xAF, 0x6F, 
  64          0x6E, 0xAE, 0xAA, 0x6A, 0x6B, 0xAB, 0x69, 0xA9, 0xA8, 0x68, 0x78, 0xB8,                 //11
  65          0xB9, 0x79, 0xBB, 
  66          0x7B, 0x7A, 0xBA, 0xBE, 0x7E, 0x7F, 0xBF, 0x7D, 0xBD, 0xBC, 0x7C, 0xB4,                 //12
  67          0x74, 0x75, 0xB5, 
  68          0x77, 0xB7, 0xB6, 0x76, 0x72, 0xB2, 0xB3, 0x73, 0xB1, 0x71, 0x70, 0xB0,                 //13
  69          0x50, 0x90, 0x91, 
  70          0x51, 0x93, 0x53, 0x52, 0x92, 0x96, 0x56, 0x57, 0x97, 0x55, 0x95, 0x94,                 //14
  71          0x54, 0x9C, 0x5C, 
  72          0x5D, 0x9D, 0x5F, 0x9F, 0x9E, 0x5E, 0x5A, 0x9A, 0x9B, 0x5B, 0x99, 0x59,                 //15
  73          0x58, 0x98, 0x88, 
  74          0x48, 0x49, 0x89, 0x4B, 0x8B, 0x8A, 0x4A, 0x4E, 0x8E, 0x8F, 0x4F, 0x8D,                 //16
  75          0x4D, 0x4C, 0x8C, 
  76          0x44, 0x84, 0x85, 0x45, 0x87, 0x47, 0x46, 0x86, 0x82, 0x42, 0x43, 0x83,                 //17
  77          0x41, 0x81, 0x80, 
  78          0x40 
  79          }; 
  80          
  81          
  82          /*
  83          输入参数:
  84          unsigned char *puchMsg ;        // 用于计算 CRC  的报文                
  85          unsigned short usDataLen ;      // 报文中的字节数
  86          */
  87          
  88          /* 函数以  unsigned short 类型返回 CRC  */ 
  89          UINT16 CRC16 ( UINT8 * puchMsg, UINT16 usDataLen ) 
  90          { 
  91   1          UINT8 uchCRCHi = 0xFF ;     // CRC  的高字节初始化
  92   1          UINT8 uchCRCLo = 0xFF ;     // CRC  的低字节初始化
  93   1          UINT16 uIndex;                      // CRC 查询表索引     
  94   1           
  95   1          while (usDataLen--)                                                                 // 完成整个报文缓冲区   
  96   1          {
  97   2                  uIndex   = uchCRCLo ^ *puchMsg++;                           //  计算  CRC  
  98   2                  uchCRCLo = uchCRCHi ^ auchCRCHi[uIndex]; 
  99   2                  uchCRCHi = auchCRCLo[uIndex];
 100   2          }
 101   1          return (uchCRCHi << 8 | uchCRCLo) ; 
 102   1      } 
 103          
 104          
 105          
 106          
 107          
 108          


MODULE INFORMATION:   STATIC OVERLAYABLE
   CODE SIZE        =     77    ----
   CONSTANT SIZE    =    512    ----
   XDATA SIZE       =   ----       5
   PDATA SIZE       =   ----    ----
   DATA SIZE        =   ----    ----
C51 COMPILER V9.00   CRC                                                                   07/15/2016 17:46:16 PAGE 3   

   IDATA SIZE       =   ----    ----
   BIT SIZE         =   ----    ----
END OF MODULE INFORMATION.


C51 COMPILATION COMPLETE.  0 WARNING(S),  0 ERROR(S)
