C51 COMPILER V9.00   COMMOM                                                                07/20/2016 15:45:35 PAGE 1   


C51 COMPILER V9.00, COMPILATION OF MODULE COMMOM
OBJECT MODULE PLACED IN ..\OUT\commom.obj
COMPILER INVOKED BY: C:\C51\BIN\C51.EXE ..\SRC\commom.c LARGE BROWSE INCDIR(..\INC;..\PRO;..\SRC) DEBUG OBJECTEXTEND PRI
                    -NT(.\commom.lst) OBJECT(..\OUT\commom.obj)

line level    source

   1          #define COMMON_GLOBAL
   2          #include "include.h"
   3          
   4          ////////////////////////////////////////////////////////////////////////////////
   5          // 功能描述 : 清除命令(地址清除时、广播清除时、显示清除时)
   6          // 输入参数 : 
   7          // 返回参数 : 
   8          // 说明     :  
   9          ////////////////////////////////////////////////////////////////////////////////
  10          void ClearAll(void)
  11          {
  12   1              led_flash_NO = LED_NONE;
  13   1              //蜂鸣器清除
  14   1              BEEP_OFF; 
  15   1              //OK信息清除
  16   1              IsOkPressed = FALSE;
  17   1              //扫描信息清除
  18   1              RC522_rFlag   = OFF;
  19   1      }


MODULE INFORMATION:   STATIC OVERLAYABLE
   CODE SIZE        =     16    ----
   CONSTANT SIZE    =   ----    ----
   XDATA SIZE       =   ----    ----
   PDATA SIZE       =   ----    ----
   DATA SIZE        =   ----    ----
   IDATA SIZE       =   ----    ----
   BIT SIZE         =   ----    ----
END OF MODULE INFORMATION.


C51 COMPILATION COMPLETE.  0 WARNING(S),  0 ERROR(S)
