C51 COMPILER V9.00   LED_DISPLAY                                                           07/20/2016 13:38:28 PAGE 1   


C51 COMPILER V9.00, COMPILATION OF MODULE LED_DISPLAY
OBJECT MODULE PLACED IN ..\OUT\led_display.obj
COMPILER INVOKED BY: C:\C51\BIN\C51.EXE ..\SRC\led_display.c LARGE BROWSE INCDIR(..\INC;..\PRO;..\SRC) DEBUG OBJECTEXTEN
                    -D PRINT(.\led_display.lst) OBJECT(..\OUT\led_display.obj)

line level    source

   1          #include "include.h"
   2          //
   3          ///*尽量按ASCII码来作表 ，LED是共阳极的，A=b0,B=b1,C=b2,D=b3,E=b4,F=b5,G=b6,H=b7,-*/
   4          //UINT8  xdata   LED_TBL[LED_TBL_MAX] = {
   5          ///*---------------------------------------------------------------------*/
   6          ////数码管显示0-9的七段码字节
   7          ////0-15，0--9,A-f
   8          ////0     1    2    3    4     5    6    7    8    9    a        b    c    d    e    f   
   9          //0xc0,0xf9,0xa4,0xb0,0x99,0x92,0x82,0xf8,0x80,0x90,0x88,0x83,0xc6,0xa1,0x86,0x8e,
  10          ////16-31，0.--9.,A.-f.
  11          ////0.   1.   2.   3.   4.   5.   6.   7.   8.   9.   a.   b.   c.   d.   e.   f.
  12          ////0x40,0x79,0x24,0x30,0x19,0x12,0x02,0x78,0x00,0x10,0x08,0x03,0x46,0x21,0x06,0x0e,  
  13          ////g    H    i   j    k     L   m    n  //o   P    q     r    s    t    U    v     
  14          //0XFF,0x8B,0XFF,0xF1,0XFF,0xc7,0XFF,0xab,0xa3,0x8c,0XFF,0XFF,0x92,0x87,0xc1,0xe3,
  15          ////32-47                                                   +               -
  16          ////0xff,0xff,0xff,0xff,0xff,0xff,0xff,0xff,0xff,0xff,0xff,0x8f,0xff,0xbf,0xff,0xff,
  17          ////w   x    y    z //36 G亮  f亮  a亮 b亮  c亮  d亮  e亮    +   G亮    -        h亮
  18          //0XFF,0x89,0XFF,0XFF,  0xBF,0xdf,0xfe,0xfd,0xfb,0xf7,0xef,0x8f,0xbf,0xbf,0x7f,0xff,
  19          ////48--63
  20          ////0     1    2    3    4     5    6    7    8    9  //0.   1.   2.   3.   4.   5.//:    ;    <    =    >  
             -  ?  
  21          //0xc0,0xf9,0xa4,0xb0,0x99,0x92,0x82,0xf8,0x80,0x90,0x40,0x79,0x24,0x30,0x19,0x12,//0xff,0xff,0xff,0xff,0x
             -ff,0xff,
  22          ////64
  23          ////@
  24          //0xff, 
  25          ////65--90  
  26          ////A     B    C    D    E     F    G    H    I    J    K    L    M    N
  27          //0x88,0x83,0xc6,0xa1,0x86,0x8e,0xc2,0x89,0xf9,0xe1,0xbf,0xc7,0x8f,0xab,
  28          ////O     P    Q    R    S     T    U    V    W    X    Y    Z  
  29          //0xa3,0x8c,0x98,0xaf,0x92,0x87,0xc1,0xe3,0x9c,0xff,0x91,0xa4,
  30          ////91--96  '['==turn on; ']'==turn off;
  31          ////[     \    ]    ^    _     .
  32          ////0x00,0xff,0xff,0xff,0xfd,0xff,
  33          ////           6.   7.   8.   9.
  34          //0x00,0xff,  0x02,0x78,0x00,0x10,
  35          ////97-122
  36          ////a     b    c    d    e     f    g    h    i    j    k    l    m    n
  37          //0x88,0x83,0xa7,0xa1,0x86,0x8e,0xc2,0x89,0xfb,0xe1,0xbf,0xc7,0x8f,0xab,
  38          ////o     p    q    r    s     t    u    v    w    x    y    z
  39          //0xa3,0x8c,0x98,0xaf,0x92,0x87,0xc1,0xe3,0x9c,0xff,0x91,0xa4,
  40          ////123-127
  41          //0xBF,0xBF,0xBF,0xBF,0xBF,
  42          //};
  43          //
  44          //////////////////////////////////////////////////////////////////////////////////
  45          //// 功能描述 : LED数码管SPI控制IO初始化
  46          //// 输入参数 : 
  47          //// 返回参数 : 
  48          //// 说明     :   
  49          //////////////////////////////////////////////////////////////////////////////////
  50          //void digital_led_cntrl_Init(void)
  51          //{     
  52          //      OE_SET;                 //DISABLE
C51 COMPILER V9.00   LED_DISPLAY                                                           07/20/2016 13:38:28 PAGE 2   

  53          //      SH_CLK_CLR;
  54          //      ST_CLK_CLR;
  55          //      OE_CLR;                 //ENALBE
  56          //      
  57          //      ucShift = 0;
  58          //}
  59          //////////////////////////////////////////////////////////////////////////////////
  60          //// 功能描述 : LED数码管 根据位置开通对应数码管  
  61          //// 输入参数 : 
  62          //// 返回参数 : 
  63          //// 说明     :   
  64          //////////////////////////////////////////////////////////////////////////////////
  65          //void led_SupplyPower(void)
  66          //{
  67          //      UINT8 led_pwr_no;              
  68          //
  69          //      led_pwr_no = ucShift;
  70          //
  71          //      if(led_pwr_no == DIGITAL_LED1)//百位数码管电源
  72          //      {
  73          ////            LED_PORT_OUT =  0x1f;                               //LED 1-LED5 ==> OFF
  74          //              digital_led1_port = DIGITAL_LED_PWR_ON;        
  75          //              digital_led2_port = DIGITAL_LED_PWR_OFF; 
  76          //              digital_led3_port = DIGITAL_LED_PWR_OFF; 
  77          //      }
  78          //      else if(led_pwr_no == DIGITAL_LED2)//十位数码管电源
  79          //      {
  80          ////            LED_PORT_OUT =  0x1f;                               //LED 1-LED5 ==> OFF
  81          //              digital_led1_port = DIGITAL_LED_PWR_OFF;
  82          //              digital_led2_port = DIGITAL_LED_PWR_ON; 
  83          //              digital_led3_port = DIGITAL_LED_PWR_OFF; 
  84          //      }
  85          //      else if(led_pwr_no == DIGITAL_LED3)//个位数码管电源
  86          //      {
  87          ////            LED_PORT_OUT =  0x1f;                               //LED 1-LED5 ==> OFF
  88          //              digital_led1_port = DIGITAL_LED_PWR_OFF;
  89          //              digital_led2_port = DIGITAL_LED_PWR_OFF; 
  90          //              digital_led3_port = DIGITAL_LED_PWR_ON; 
  91          //      }
  92          //}
  93          //////////////////////////////////////////////////////////////////////////////////
  94          //// 功能描述 : 显示当前扫描的led内容   
  95          //// 输入参数 : 当前要显示的数值
  96          //// 返回参数 : 
  97          //// 说明     :   
  98          //////////////////////////////////////////////////////////////////////////////////
  99          //void led_Show(UINT8 ucValue)
 100          //{
 101          //      UINT8 i;
 102          //
 103          //      ST_CLK_CLR;
 104          //      for (i=0; i<8; i++)
 105          //      {
 106          //              if (ucValue & 0x80)
 107          //                      SDATA_SET;
 108          //              else
 109          //                      SDATA_CLR;
 110          //              SH_CLK_CLR;
 111          //              NOP;
 112          //              SH_CLK_SET;
 113          //              ucValue = ucValue << 1; 
 114          //      }
C51 COMPILER V9.00   LED_DISPLAY                                                           07/20/2016 13:38:28 PAGE 3   

 115          //      
 116          //      ST_CLK_SET;
 117          //      led_SupplyPower();                                                    //供电
 118          //}
 119          //////////////////////////////////////////////////////////////////////////////////
 120          //// 功能描述 : 显示一个digital led  
 121          //// 输入参数 : 
 122          //// 返回参数 : 
 123          //// 说明     : 显示一个数码管数字，扫描时间: 72us 
 124          //////////////////////////////////////////////////////////////////////////////////
 125          //void led_Scan(void)
 126          //{
 127          //    UINT8 ucValue;
 128          //
 129          //    if (sys.led_scan_flag == OFF) return;
 130          //    sys.led_scan_flag = OFF;
 131          //
 132          //      //非配置状态(显示数值状态)下，并且当前不是修改数值下，则先控制当前刷新的位数，数值位，高位0不显示
 133          //    if (led[ucShift].show == ON)
 134          //    {
 135          //        if(led[ucShift].num >= LED_TBL_MAX )
 136          //        {
 137          //            led[ucShift].num = LED_TBL_MAX -1;
 138          //        }
 139          //        ucValue = LED_TBL[led[ucShift].num];     //查表       ......
 140          //    }
 141          //    else
 142          //    {
 143          //        ucValue = DISPLAY_OFF;                                      //关闭显示
 144          //    }
 145          //    led_Show(ucValue);                                                            //显示
 146          //
 147          //    ucShift++;
 148          //    if (ucShift >= LED_NUMBER) 
 149          //    {
 150          //      ucShift = 0; 
 151          //    }
 152          //}
 153          //////////////////////////////////////////////////////////////////////////////////
 154          //// 功能描述 : 清除命令(地址清除时、广播清除时、显示清除时)
 155          //// 输入参数 : 
 156          //// 返回参数 : 
 157          //// 说明     :  
 158          //////////////////////////////////////////////////////////////////////////////////
 159          //void Display_Clear(void)
 160          //{
 161          //      //显示信息清除
 162          //      UINT8 i;
 163          //      DispInfoCur.SRCodeLen = 0;
 164          //      for (i=0; i<LED_NUMBER; i++)
 165          //      {
 166          //              led[i].num = 0;
 167          //              led[i].show = OFF;
 168          //      }
 169          //      //指示灯清除
 170          //      led_flash_NO = LED_NONE;
 171          //      //蜂鸣器清除
 172          //}
 173          //
 174          //
 175          //////////////////////////////////////////////////////////////////////////////////
 176          //// 功能描述 : 数码管显示控制
C51 COMPILER V9.00   LED_DISPLAY                                                           07/20/2016 13:38:28 PAGE 4   

 177          //// 输入参数 : 
 178          //// 返回参数 : 
 179          //// 说明     :  
 180          //////////////////////////////////////////////////////////////////////////////////
 181          //void digital_led_disp(void)
 182          //{
 183          //      SINT16 i=0,j=0;
 184          //      //控制显示
 185          //      for(i = 0; i < LED_NUMBER; i++)
 186          //      {
 187          //              led[i].show = OFF;
 188          //      }
 189          //      //如果232口有扫描数据,则显示扫描进来的数据
 190          //      if(uart232.rFlag == ON)
 191          //      {
 192          //              j = LED_NUMBER-1;
 193          //              for(i = uart232.rIndex-1; i>= 0 && j>=0; i--)
 194          //              {
 195          //                      if(uart232.rBuffer[i] >= '0' && uart232.rBuffer[i] <= '9')
 196          //                      {
 197          //                              led[j].num = uart232.rBuffer[i]-'0';
 198          //                              led[j].show = ON;
 199          //                      }
 200          //                      else if(uart232.rBuffer[i] >= 'A' && uart232.rBuffer[i] <= 'Z')
 201          //                      {
 202          //                              led[j].num = uart232.rBuffer[i]-'A'+10;
 203          //                              led[j].show = ON;
 204          //                      }
 205          //                      else if(uart232.rBuffer[i] >= 'a' && uart232.rBuffer[i] <= 'z')
 206          //                      {
 207          //                              led[j].num = uart232.rBuffer[i]-'a'+10;
 208          //                              led[j].show = ON;
 209          //                      }
 210          //                      else if(uart232.rBuffer[i] == '-')
 211          //                      {
 212          //                              led[j].num = LED_TBL_MAX-1;
 213          //                              led[j].show = ON;
 214          //                      }
 215          //                      if(uart232.rBuffer[i] != '\r' && uart232.rBuffer[i] !='\n')
 216          //                              j--;
 217          //              }
 218          //      }
 219          //      //否则,如果有显示信息,则显示信息
 220          //      else if(DispInfoCur.SRCodeLen > 0)
 221          //      {
 222          //              j = LED_NUMBER-1;
 223          //              for(i = DispInfoCur.SRCodeLen-1; i>=0 && j>=0; i--)
 224          //              {
 225          //                      if(DispInfoCur.SRCode[i] >= '0' && DispInfoCur.SRCode[i] <= '9')
 226          //                      {
 227          //                              led[j].num = DispInfoCur.SRCode[i]-'0';
 228          //                              led[j].show = ON;
 229          //                      }
 230          //                      else if(DispInfoCur.SRCode[i] >= 'A' && DispInfoCur.SRCode[i] <= 'Z')
 231          //                      {
 232          //                              led[j].num = DispInfoCur.SRCode[i]-'A'+10;
 233          //                              led[j].show = ON;
 234          //                      }
 235          //                      else if(DispInfoCur.SRCode[i] >= 'a' && DispInfoCur.SRCode[i] <= 'z')
 236          //                      {
 237          //                              led[j].num = DispInfoCur.SRCode[i]-'a'+10;
 238          //                              led[j].show = ON;
C51 COMPILER V9.00   LED_DISPLAY                                                           07/20/2016 13:38:28 PAGE 5   

 239          //                      }
 240          //                      else if(DispInfoCur.SRCode[i] == '-')
 241          //                      {
 242          //                              led[j].num = LED_TBL_MAX-1;
 243          //                              led[j].show = ON;
 244          //                      }
 245          //                      if(uart232.rBuffer[i] != '\r' && uart232.rBuffer[i] !='\n')
 246          //                              j--;
 247          //              }
 248          //      }  
 249          //}
 250          //////////////////////////////////////////////////////////////////////////////////
 251          //// 功能描述 : 开机自检测程序   显示地址
 252          //// 输入参数 : 
 253          //// 返回参数 : 
 254          //// 说明     :  
 255          //////////////////////////////////////////////////////////////////////////////////
 256          //void digital_led_dispaddr()
 257          //{
 258          //    //加载地址
 259          //    led[0].num = toSettedAddr[0];                    
 260          //    led[1].num = toSettedAddr[1];
 261          //    led[2].num = toSettedAddr[2];
 262          //
 263          //    led[0].show = ON;
 264          //    led[1].show = ON;
 265          //    led[2].show = ON;                                 
 266          //}
 267          //


MODULE INFORMATION:   STATIC OVERLAYABLE
   CODE SIZE        =   ----    ----
   CONSTANT SIZE    =   ----    ----
   XDATA SIZE       =   ----    ----
   PDATA SIZE       =   ----    ----
   DATA SIZE        =   ----    ----
   IDATA SIZE       =   ----    ----
   BIT SIZE         =   ----    ----
END OF MODULE INFORMATION.


C51 COMPILATION COMPLETE.  0 WARNING(S),  0 ERROR(S)
