C51 COMPILER V9.52.0.0   COMMOM                                                            11/15/2016 10:54:19 PAGE 1   


C51 COMPILER V9.52.0.0, COMPILATION OF MODULE COMMOM
OBJECT MODULE PLACED IN ..\OUT\commom.obj
COMPILER INVOKED BY: C:\Program Files\kile\C51\BIN\C51.EXE ..\SRC\commom.c LARGE OMF2 OPTIMIZE(8,SPEED) BROWSE INCDIR(..
                    -\INC;..\PRO;..\SRC) DEBUG PRINT(.\commom.lst) TABS(2) OBJECT(..\OUT\commom.obj)

line level    source

   1          #define COMMON_GLOBAL
   2          #include "include.h"
   3          
   4          ////////////////////////////////////////////////////////////////////////////////
   5          // 功能描述 : 清除命令(地址清除时、广播清除时、显示清除时)
   6          // 输入参数 : 
   7          // 返回参数 : 
   8          // 说明     :  
   9          ////////////////////////////////////////////////////////////////////////////////
  10          void ClearAll(void)
  11          {
  12   1        led_flash_NO = LED_NONE;
  13   1        //蜂鸣器清除
  14   1        BEEP_OFF; 
  15   1        //OK信息清除
  16   1        IsOkPressed = FALSE;
  17   1        //扫描信息清除
  18   1        RC522_rFlag   = OFF;
  19   1          //灯塔清除
  20   1        LightTowerCtl[0].led_status = OFF;
  21   1        LightTowerCtl[1].led_status = OFF;
  22   1        LightTowerCtl[2].led_status = OFF;
  23   1        LightTowerCtl[3].led_status = OFF;
  24   1        LightTowerCtl[4].led_status = OFF;
  25   1        LightTowerCtl[5].led_status = OFF;
  26   1        LightTowerCtl[6].led_status = OFF;
  27   1        LightTowerCtl[7].led_status = OFF;
  28   1        LightTowerCtl[8].led_status = OFF;
  29   1        LightTowerCtl[9].led_status = OFF;
  30   1      }
  31          ////////////////////////////////////////////////////////////////////////////////
  32          // 功能描述 : 将需要的数据包转化为ASCII码 与扫描枪数据保持一致
  33          // 输入参数 : source： 要转化的数组  
  34          //            des   ： 转化后数据存放的数组 
  35          //            cnt   ： 要转化的数组大小  
  36          // 返回参数 : 
  37          // 说明     :  
  38          ////////////////////////////////////////////////////////////////////////////////
  39          void FramToSendbuff(INT8U *source,INT8U *des,INT8U cnt)
  40          {
  41   1         INT8U i,temp;
  42   1         {
  43   2              for(i=0;i<cnt;i++)
  44   2              {
  45   3                  temp = (source[i]>>4);  //高四位
  46   3                  if(temp>9)
  47   3                  {
  48   4                      des[2*(i+1)-2] =  temp+65-0x0A;
  49   4                  }
  50   3                  else
  51   3                  {
  52   4                      des[2*(i+1)-2] =  temp+0x30;
  53   4                  }
  54   3                  temp = (source[i]&0x0F);  //低四位
C51 COMPILER V9.52.0.0   COMMOM                                                            11/15/2016 10:54:19 PAGE 2   

  55   3                  if(temp>9)
  56   3                  {
  57   4                      des[2*(i+1)-1] =  temp+65-0x0A;
  58   4                  }
  59   3                  else
  60   3                  {
  61   4                     des[2*(i+1)-1] =  temp+0x30;
  62   4                  }
  63   3                
  64   3              }
  65   2           }
  66   1      }


MODULE INFORMATION:   STATIC OVERLAYABLE
   CODE SIZE        =    231    ----
   CONSTANT SIZE    =   ----    ----
   XDATA SIZE       =   ----       8
   PDATA SIZE       =   ----    ----
   DATA SIZE        =   ----    ----
   IDATA SIZE       =   ----    ----
   BIT SIZE         =   ----    ----
   EDATA SIZE       =   ----    ----
   HDATA SIZE       =   ----    ----
   XDATA CONST SIZE =   ----    ----
   FAR CONST SIZE   =   ----    ----
END OF MODULE INFORMATION.


C51 COMPILATION COMPLETE.  0 WARNING(S),  0 ERROR(S)
