C51 COMPILER V9.52.0.0   LED                                                               11/15/2016 10:54:18 PAGE 1   


C51 COMPILER V9.52.0.0, COMPILATION OF MODULE LED
OBJECT MODULE PLACED IN ..\OUT\led.obj
COMPILER INVOKED BY: C:\Program Files\kile\C51\BIN\C51.EXE ..\SRC\led.c LARGE OMF2 OPTIMIZE(8,SPEED) BROWSE INCDIR(..\IN
                    -C;..\PRO;..\SRC) DEBUG PRINT(.\led.lst) TABS(2) OBJECT(..\OUT\led.obj)

line level    source

   1          #define LED_GLOBAL
   2          #include "include.h"
   3          UINT8 address[3];
   4          UINT8 baudrate;
   5          UINT8 ucAddr[3];                        //备份地址
   6          UINT8 ucBaud;                           //备份波特率
   7          
   8          UINT8 FinishedLED = LED_NONE;           //拣货完成后，清零前，指示灯亮的颜色
   9          UINT8 WtTime = 5;                       //一对多应用时，进度条等待时间
  10          UINT8 FnDefine = 0;                     //Fn功能键定义  0-零拣货  1-满箱
  11          UINT8 DispMode = 0;                     //显示模式  0-任务模式  1-区域信息模式
  12          
  13          
  14          /////////////////////////////////////////////////////////////////////////////////
  15          
  16          
  17          
  18          ////////////////////////////////////////////////////////////////////////////////
  19          // 功能描述 : 获取灯亮时间，单位ms
  20          // 输入参数 : 无
  21          // 返回参数 : 无
  22          // 说明     :
  23          ////////////////////////////////////////////////////////////////////////////////
  24          UINT16 GetLedOnTime()
  25          {
  26   1        UINT16 unRet = led_flash_period;
  27   1        switch(led_flash_mode)
  28   1        {
  29   2        case LED_FLASH_MODE_ALWAYS  :                              //常亮模式，不会调用此函数
  30   2          break;      
  31   2        case LED_FLASH_MODE_1V1:
  32   2          unRet = led_flash_period;
  33   2          break;
  34   2        case LED_FLASH_MODE_1V2:
  35   2          unRet = led_flash_period;
  36   2          break;
  37   2        case LED_FLASH_MODE_1V5:
  38   2          unRet = led_flash_period;
  39   2          break;
  40   2        case LED_FLASH_MODE_1V10:
  41   2          unRet = led_flash_period;
  42   2          break;
  43   2        case LED_FLASH_MODE_2V1:
  44   2          unRet = led_flash_period*2;
  45   2          break;
  46   2        case LED_FLASH_MODE_5V1:
  47   2          unRet = led_flash_period*5;
  48   2          break;
  49   2        case LED_FLASH_MODE_10V1:
  50   2          unRet = led_flash_period*10;
  51   2          break;
  52   2        default:
  53   2          break;
  54   2        }
C51 COMPILER V9.52.0.0   LED                                                               11/15/2016 10:54:18 PAGE 2   

  55   1        return unRet;
  56   1      }
  57          ////////////////////////////////////////////////////////////////////////////////
  58          // 功能描述 : 获取灯灭时间，单位ms
  59          // 输入参数 : 无
  60          // 返回参数 : 无
  61          // 说明     :
  62          ////////////////////////////////////////////////////////////////////////////////
  63          UINT16 GetLedOffTime()                        
  64          {
  65   1        UINT16 unRet = led_flash_period;
  66   1        switch(led_flash_mode)
  67   1        {
  68   2        case LED_FLASH_MODE_ALWAYS:                                     //常亮模式，不会调用此函数
  69   2          break;        
  70   2        case LED_FLASH_MODE_1V1:
  71   2          unRet = led_flash_period;
  72   2          break;
  73   2        case LED_FLASH_MODE_2V1:
  74   2          unRet = led_flash_period;
  75   2          break;
  76   2        case LED_FLASH_MODE_5V1:
  77   2          unRet = led_flash_period;
  78   2          break;
  79   2        case LED_FLASH_MODE_10V1:
  80   2          unRet = led_flash_period;
  81   2          break;
  82   2        case LED_FLASH_MODE_1V2:
  83   2          unRet = led_flash_period*2;
  84   2          break;
  85   2        case LED_FLASH_MODE_1V5:
  86   2          unRet = led_flash_period*5;
  87   2          break;
  88   2        case LED_FLASH_MODE_1V10:
  89   2          unRet = led_flash_period*10;
  90   2          break;
  91   2        default:
  92   2          break;
  93   2        }
  94   1        return unRet;
  95   1      }
  96          ////////////////////////////////////////////////////////////////////////////////
  97          // 功能描述 : RGB点亮及闪烁控制 
  98          // 输入参数 : 无
  99          // 返回参数 : 无
 100          // 说明     :
 101          ////////////////////////////////////////////////////////////////////////////////
 102          void CMD_led_flash(void)
 103          {
 104   1        if(RC522_rFlag == ON)
 105   1        {
 106   2            led_light_ctrl(LED_GREEN);                // 仅点亮绿色
 107   2            return;
 108   2        }
 109   1        if(led_flash_NO != LED_NONE)
 110   1          {
 111   2      
 112   2      
 113   2          if(led_flash_mode == LED_FLASH_MODE_ALWAYS) //常亮显示
 114   2          {
 115   3            led_light_ctrl(led_flash_NO);             // 仅点亮对应颜色
 116   3          }
C51 COMPILER V9.52.0.0   LED                                                               11/15/2016 10:54:18 PAGE 3   

 117   2          else                                        //闪烁显示
 118   2          {
 119   3            
 120   3            if(led_flash_status == 0)                 //当前灯为灭状态
 121   3            {
 122   4              
 123   4              if(sys.led_flash_count == 0)            //灯灭计数器到，切换到灯亮状态，并且设置改变灯亮周期参数
 124   4              {
 125   5                led_light_ctrl(led_flash_NO);         // 仅点亮对应颜色
 126   5                led_flash_status = 1;                 //切换到灯亮状态
 127   5                sys.led_flash_count = GetLedOnTime();
 128   5              }
 129   4            }
 130   3            
 131   3            else                                      //当前为亮灯
 132   3            {
 133   4              
 134   4              if(sys.led_flash_count == 0)            //灯灭计数器到，切换到灯灭状态，并且设置改变灯灭周期参数
 135   4              {
 136   5                led_light_ctrl(LED_NONE);
 137   5                led_flash_status = 0;                 //切换到灯亮状态
 138   5                sys.led_flash_count = GetLedOffTime();
 139   5              }
 140   4            }
 141   3          }
 142   2        }
 143   1        else                                          //当前不显示
 144   1        {
 145   2          led_light_ctrl(LED_NONE); 
 146   2        }
 147   1      }
 148          ////////////////////////////////////////////////////////////////////////////////
 149          // 功能描述 : 给当前显示led供电 
 150          // 输入参数 : 无
 151          // 返回参数 : 无
 152          // 说明     :
 153          ////////////////////////////////////////////////////////////////////////////////
 154          
 155          void led_light_ctrl(UINT8 ucValue)
 156          {
 157   1        switch (ucValue)
 158   1        {
 159   2          case LED_RED:     LED_G_OFF; LED_B_OFF;  LED_R_ON;  break;    
 160   2          case LED_GREEN:   LED_R_OFF; LED_B_OFF;  LED_G_ON;  break;
 161   2          case LED_BLUE:    LED_R_OFF; LED_G_OFF;  LED_B_ON;  break;
 162   2          
 163   2          case LED_RG:      LED_B_OFF; LED_R_ON;   LED_G_ON;  break;    
 164   2          case LED_RB:    LED_G_OFF; LED_R_ON;   LED_B_ON;  break;
 165   2          case LED_GB:    LED_R_OFF; LED_G_ON;   LED_B_ON;  break;
 166   2          case LED_RGB:   LED_R_ON;  LED_G_ON;   LED_B_ON;  break;      
 167   2          default:      LED_R_OFF; LED_G_OFF; LED_B_OFF;break;
 168   2        }
 169   1      }
 170          
 171          
 172          
 173          void Display_Clear(void)                //清除命令(地址清除时、广播清除时、显示清除时)
 174          {
 175   1        
 176   1        led_flash_NO = LED_NONE;              //指示灯清除
 177   1        
 178   1        BEEP_OFF;                             //蜂鸣器清除
C51 COMPILER V9.52.0.0   LED                                                               11/15/2016 10:54:18 PAGE 4   

 179   1      }
 180          /*******************************************************************************
 181                      开机自检测程序
 182              input:   none     
 183              output:  none
 184          *******************************************************************************/ 
 185          void led_on()
 186          {
 187   1          LED_R_ON;
 188   1          LED_G_ON;
 189   1          LED_B_ON;
 190   1      }
 191          ////////////////////////////////////////////////////////////////////////////////
 192          // 功能描述 : LED亮 
 193          // 输入参数 : 无
 194          // 返回参数 : 无
 195          // 说明     :
 196          ////////////////////////////////////////////////////////////////////////////////
 197          void led_off()
 198          {
 199   1         LED_R_OFF;
 200   1         LED_G_OFF;
 201   1         LED_B_OFF;
 202   1      }
 203          
 204          /*******************************************************************************
 205                          END         
 206          *******************************************************************************/
 207          


MODULE INFORMATION:   STATIC OVERLAYABLE
   CODE SIZE        =    463    ----
   CONSTANT SIZE    =   ----    ----
   XDATA SIZE       =     15    ----
   PDATA SIZE       =   ----    ----
   DATA SIZE        =   ----    ----
   IDATA SIZE       =   ----    ----
   BIT SIZE         =   ----    ----
   EDATA SIZE       =   ----    ----
   HDATA SIZE       =   ----    ----
   XDATA CONST SIZE =   ----    ----
   FAR CONST SIZE   =   ----    ----
END OF MODULE INFORMATION.


C51 COMPILATION COMPLETE.  0 WARNING(S),  0 ERROR(S)
