C51 COMPILER V9.52.0.0   UART                                                              11/15/2016 10:54:19 PAGE 1   


C51 COMPILER V9.52.0.0, COMPILATION OF MODULE UART
OBJECT MODULE PLACED IN ..\OUT\uart.obj
COMPILER INVOKED BY: C:\Program Files\kile\C51\BIN\C51.EXE ..\SRC\uart.c LARGE OMF2 OPTIMIZE(8,SPEED) BROWSE INCDIR(..\I
                    -NC;..\PRO;..\SRC) DEBUG PRINT(.\uart.lst) TABS(2) OBJECT(..\OUT\uart.obj)

line level    source

   1          #include "include.h"
   2          
   3          volatile OS_UART xdata uart;
   4          
   5          #define RCV_OVER_TIMER          4
   6          extern void Send485SerialByte(UINT8 *Ram, UINT16 len);
   7          
   8          ////////////////////////////////////////////////////////////////////////////////
   9          // 功能描述 : 485初始化
  10          // 输入参数 : 
  11          // 返回参数 : 
  12          // 说明     :  
  13          ////////////////////////////////////////////////////////////////////////////////
  14          void InitT485(void)
  15          {
  16   1        TMOD = (TMOD & 0x0f) | 0x20;   //8位自动重载定时器
  17   1        SCON = 0xd0;                   //串行口工作模式3选择
  18   1        IP   = 0x10;                   //PS set the high
  19   1        PCON  &= 0x7f;                 //SOMD =0
  20   1      
  21   1        //波特率 38400
  22   1        AUXR |= 0x40;                  //定时器1时钟为Fosc,即1T
  23   1        AUXR &= 0xfe;                  //串口1选择定时器1为波特率发生器
  24   1        TL1 = 0xF7;                    //设定定时初值
  25   1        TH1 = 0xF7;                    //设定定时器重装值
  26   1      
  27   1      
  28   1        ET1  = 0;                      //close timer1 interrupt
  29   1        TR1  = 1;                      //open timer1
  30   1        ES   = 1;                      //Enabled serial port interrrup 
  31   1        
  32   1        
  33   1        
  34   1        RE_USART_IO();                  //串口重映射
  35   1        
  36   1      
  37   1        return;
  38   1      }
  39          ////////////////////////////////////////////////////////////////////////////////
  40          // 功能描述 : 串口重映射
  41          // 输入参数 : 
  42          // 返回参数 : 
  43          // 说明     : 串口重映射到  P3.6 P3.7 上面
  44          ////////////////////////////////////////////////////////////////////////////////
  45          void RE_USART_IO(void)
  46          {
  47   1         ACC = P_SW1;                   
  48   1         ACC &= ~(S1_S0 | S1_S1);      //S1_S0=1 S1_S1=0
  49   1         ACC |= S1_S0;                 //(P3.6/RxD_2, P3.7/TxD_2)
  50   1         P_SW1 = ACC;
  51   1      }
  52          ////////////////////////////////////////////////////////////////////////////////
  53          // 功能描述 : 串口1初始化
  54          // 输入参数 : 
C51 COMPILER V9.52.0.0   UART                                                              11/15/2016 10:54:19 PAGE 2   

  55          // 返回参数 : 
  56          // 说明     :  
  57          ////////////////////////////////////////////////////////////////////////////////
  58          void UART485_Init(void)
  59          {
  60   1        InitT485();
  61   1        
  62   1        uart.rIndex = 0;
  63   1        uart.rFlag  = 0;
  64   1        uart.rTimer = 0;  
  65   1      }
  66          ////////////////////////////////////////////////////////////////////////////////
  67          // 功能描述 : 串口1中断入口函数
  68          // 输入参数 : 
  69          // 返回参数 : 
  70          // 说明     :  
  71          ////////////////////////////////////////////////////////////////////////////////
  72          void SCON485_int (void) interrupt 4 
  73          {
  74   1        if (RI)
  75   1          {
  76   2             RI = 0;
  77   2             if ( uart.rIndex >= UART_BUF_LEN ) return;
  78   2             if(uart.rFlag == ON)
  79   2                return;
  80   2             uart.rBuffer[uart.rIndex++] = SBUF;  
  81   2             uart.rTimer = RCV_OVER_TIMER;
  82   2        }
  83   1      
  84   1      }
  85          ////////////////////////////////////////////////////////////////////////////////
  86          // 功能描述 : 串口1发送一个字节数据
  87          // 输入参数 : 
  88          // 返回参数 : 
  89          // 说明     :  
  90          ////////////////////////////////////////////////////////////////////////////////
  91          void Usart1_SendByte(UINT8 byte)
  92          {
  93   1          
  94   1          //while(TI);
  95   1          SBUF = byte;           
  96   1          while(!TI);
  97   1          TI = 0;             
  98   1      }
  99          ////////////////////////////////////////////////////////////////////////////////
 100          // 功能描述 : 485发送一个字节数据
 101          // 输入参数 : 
 102          // 返回参数 : 
 103          // 说明     :  
 104          ////////////////////////////////////////////////////////////////////////////////
 105          //void Send485SendByte(UINT8 byte)
 106          //{
 107          //    M485_CTRL_ON;
 108          //    LED_TXD485_ON;//发射状态
 109          //    DelayMs(5);
 110          //    Usart1_SendByte(byte);
 111          //    DelayMs(5);
 112          //    M485_CTRL_OFF;//接收状态
 113          //    LED_TXD485_OFF;
 114          //}
 115          ////////////////////////////////////////////////////////////////////////////////
 116          // 功能描述 : 485发送字符串程序
C51 COMPILER V9.52.0.0   UART                                                              11/15/2016 10:54:19 PAGE 3   

 117          // 输入参数 : 
 118          // 返回参数 : 
 119          // 说明     :  
 120          ////////////////////////////////////////////////////////////////////////////////
 121          void Send485SeriaDate(UINT8 *Ram, UINT16 len)
 122          {
 123   1        UINT8 ite;
 124   1        
 125   1        M485_CTRL_ON;
 126   1        LED_TXD485_ON;//发射状态
 127   1        DelayMs(1);
 128   1        for(ite=0;ite<len;ite++)
 129   1        {
 130   2           ACC = Ram[ite];
 131   2           if(P == 0)
 132   2           {
 133   3             TB8 = 0;
 134   3           }
 135   2           else
 136   2           {
 137   3             TB8 =1;
 138   3           }
 139   2           Usart1_SendByte(Ram[ite]);
 140   2        }
 141   1        DelayMs(1);
 142   1        M485_CTRL_OFF;//接收状态
 143   1        LED_TXD485_OFF;
 144   1      }
 145          /*******************************************************************************
 146                          END         
 147          *******************************************************************************/


MODULE INFORMATION:   STATIC OVERLAYABLE
   CODE SIZE        =    256    ----
   CONSTANT SIZE    =   ----    ----
   XDATA SIZE       =    105       6
   PDATA SIZE       =   ----    ----
   DATA SIZE        =   ----    ----
   IDATA SIZE       =   ----    ----
   BIT SIZE         =   ----    ----
   EDATA SIZE       =   ----    ----
   HDATA SIZE       =   ----    ----
   XDATA CONST SIZE =   ----    ----
   FAR CONST SIZE   =   ----    ----
END OF MODULE INFORMATION.


C51 COMPILATION COMPLETE.  0 WARNING(S),  0 ERROR(S)
