C51 COMPILER V9.52.0.0   UART                                                              11/15/2016 10:36:21 PAGE 1   


C51 COMPILER V9.52.0.0, COMPILATION OF MODULE UART
OBJECT MODULE PLACED IN .\uart.obj
COMPILER INVOKED BY: C:\Program Files\kile\C51\BIN\C51.EXE ..\src\uart.c LARGE OPTIMIZE(8,SPEED) BROWSE DEBUG OBJECTEXTE
                    -ND PRINT(.\uart.lst) TABS(2) OBJECT(.\uart.obj)

line level    source

   1          #include "main.h"
   2          #include "uart.h"
   3          #include "led.h"
   4          #include "crc.c"
   5          
   6          
   7          volatile OS_UART xdata uart;
   8          volatile OS_UART xdata uart232;
   9          volatile UINT8 InTemp;
  10          bit busy;
  11          
  12          #define RCV_OVER_TIMER          2
  13          #define RCV_OVER_TIMER232   2
  14          extern void Serial232PutChar(UINT8 dat);
  15          extern void Send485SerialByte(UINT8 *Ram, UINT16 len);
  16          
  17          
  18          /***************************************************
  19              UART1初始化
  20                                  7     6     5     4     3     2     1     0     Reset Value
  21          sfr SCON = 0x98; //Serial Control         SM0/FE SM1   SM2   REN   TB8   RB8    TI    RI    0000,0000
  22          SM0 SM1:
  23           0   0         同步移位寄存器   fosc/12
  24           0   1       10位异步收发         由定时器控制
  25           1   0         11位异步收发     fosc/32或fosc/64
  26           1   1         11位异步收发         由定时器控制
  27          P = PSW.0      P=1奇   P=0偶
  28          ***************************************************/
  29          void InitT485(void)
  30          {
  31   1        TMOD = (TMOD & 0x0f) | 0x20;  //8位自动重载定时器
  32   1        SCON = 0xd0;              //串行口工作模式3选择
  33   1        IP   = 0x10;            //PS set the high
  34   1        PCON  &= 0x7f;                  //SOMD =0
  35   1      
  36   1        //波特率 38400
  37   1        AUXR |= 0x40;             //定时器1时钟为Fosc,即1T
  38   1        AUXR &= 0xfe;             //串口1选择定时器1为波特率发生器
  39   1        TL1 = 0xF7;                 //设定定时初值
  40   1        TH1 = 0xF7;                 //设定定时器重装值
  41   1      
  42   1      
  43   1        ET1  = 0;                       //close timer1 interrupt
  44   1        TR1  = 1;                     //open timer1
  45   1        ES   = 1;               //Enabled serial port interrrup 
  46   1      
  47   1          return;
  48   1      }
  49          /*******************************************************************************
  50                        串口1初始化
  51            input :     none
  52            default:
  53                data bits:  8
  54                start bits: 1
C51 COMPILER V9.52.0.0   UART                                                              11/15/2016 10:36:21 PAGE 2   

  55                stop bits:  1
  56                parity:     NONE          
  57          *******************************************************************************/
  58          void UART485_Init(void)
  59          {
  60   1        InitT485();
  61   1        uart.rIndex = 0;
  62   1        uart.rFlag  = 0;
  63   1        uart.rTimer = 0;  
  64   1      }
  65          
  66          /*******************************************************************************
  67                       串口1中断函数
  68          *******************************************************************************/
  69          void SCON485_int (void) interrupt 4
  70          {
  71   1        if (RI)
  72   1        {
  73   2          RI = 0;
  74   2               
  75   2          if ( uart.rIndex >= UART_BUF_LEN ) return;
  76   2          if(uart.rFlag == ON)
  77   2            return;
  78   2          uart.rBuffer[uart.rIndex++] = SBUF; 
  79   2          uart.rTimer = RCV_OVER_TIMER;
  80   2        }
  81   1      }
  82          /***********************************************
  83                  串口发送程序
  84          input :     *Ram    
  85                      len     
  86          output :    NONE
  87          ***********************************************/
  88          void Send485SerialByte(UINT8 *Ram, UINT16 len)
  89          {
  90   1        LED_TXD485_ON;
  91   1        M485_CTRL_ON;
  92   1        for(;len>0;len--)
  93   1        {
  94   2          ACC = *Ram;
  95   2          if(P == 0)
  96   2          {
  97   3            TB8 = 0;
  98   3          }
  99   2          else
 100   2          {
 101   3            TB8 =1;
 102   3          }
 103   2          SBUF = *Ram;           
 104   2          while(!TI){;}             
 105   2          TI = 0;
 106   2          Ram++;
 107   2        }
 108   1        M485_CTRL_OFF;
 109   1        LED_TXD485_OFF;
 110   1      
 111   1      }
 112          ///////////////////////////////////////////////--UART232--配置--////////////////////////////////
 113          
 114          /***************************************************
 115              UART2初始化
 116          ***************************************************/
C51 COMPILER V9.52.0.0   UART                                                              11/15/2016 10:36:21 PAGE 3   

 117          void InitT232(void)
 118          {
 119   1        //扫描枪串口配置:8BIT数据位、无奇偶校验、1位停止位
 120   1        #if (PARITYBIT232 == NONE_PARITY)
 121   1              S2CON = 0x5A;               //8位可变波特率 (无校验位)
 122   1        #elif (PARITYBIT232 == ODD_PARITY) || (PARITYBIT == EVEN_PARITY) || (PARITYBIT == MARK_PARITY)
                      S2CON = 0xda;               //9位可变波特率,校验位初始为1
                #elif (PARITYBIT232 == SPACE_PARITY)
                      S2CON = 0xd5;               //9位可变波特率,校验位初始为0
                #endif
 127   1          
 128   1        switch (baudrate)
 129   1        {
 130   2          case BD_4800:
 131   2            BRT = -(FOSC/32/BD232_4800);      //设置独立波特率发生器的重载初值
 132   2            break;
 133   2          case BD_9600:
 134   2            BRT = -(FOSC/32/BD232_9600);      //设置独立波特率发生器的重载初值
 135   2            break;
 136   2          case BD_19200:
 137   2            BRT = -(FOSC/32/BD232_19200);      //设置独立波特率发生器的重载初值
 138   2            PCON |= 0x80;
 139   2            break;
 140   2          case BD_38400:
 141   2            BRT = -(FOSC/32/BD232_38400);      //设置独立波特率发生器的重载初值
 142   2            break;
 143   2          default:
 144   2            BRT = -(FOSC/32/BD232_9600);      //设置独立波特率发生器的重载初值
 145   2            break;
 146   2              }
 147   1              AUXR = 0x14;                //独立波特率发生器工作在1T模式
 148   1              IE2 = 0x01;                 //使能串口2中断 
 149   1          return;
 150   1      }
 151          /*******************************************************************************
 152                        串口初始化
 153            input :     none
 154            default:
 155                data bits:  8
 156                start bits: 1
 157                stop bits:  1
 158                parity:     NONE          
 159          *******************************************************************************/
 160          void UART232_Init(void)
 161          {
 162   1        InitT232();
 163   1        uart232.rIndex = 0;
 164   1        uart232.rFlag  = 0;
 165   1        uart232.rTimer = 0; 
 166   1      }
 167          
 168          /*******************************************************************************
 169                       扫描枪串口中断函数
 170                  
 171          *******************************************************************************/
 172          void SCON232_int (void) interrupt 8
 173          {    
 174   1        if(uart232.rFlag == ON)
 175   1        {
 176   2          uart232.rFlag   = OFF;
 177   2          uart232.rIndex  = 0;
 178   2          InTemp = 0;
C51 COMPILER V9.52.0.0   UART                                                              11/15/2016 10:36:21 PAGE 4   

 179   2        }
 180   1        // 接收中断
 181   1        if(S2CON & S2RI) 
 182   1        {
 183   2          S2CON &= ~S2RI;         //清除接收完成标志                 
 184   2          if ( uart232.rIndex >= UART232_BUF_LEN )
 185   2            return;
 186   2          uart232.rBuffer[uart232.rIndex++] = S2BUF;  
 187   2          uart232.rTimer = RCV_OVER_TIMER232;        
 188   2        }
 189   1          //发送完成中断
 190   1        if (S2CON & S2TI)
 191   1        {
 192   2          S2CON &= ~S2TI;         //清除发送完成标志
 193   2          busy = 0;
 194   2        }
 195   1      }
 196          
 197          /*******************************************************************************
 198                          END         
 199          *******************************************************************************/


MODULE INFORMATION:   STATIC OVERLAYABLE
   CODE SIZE        =    427    ----
   CONSTANT SIZE    =    512    ----
   XDATA SIZE       =    211       5
   PDATA SIZE       =   ----    ----
   DATA SIZE        =   ----    ----
   IDATA SIZE       =   ----    ----
   BIT SIZE         =      1    ----
END OF MODULE INFORMATION.


C51 COMPILATION COMPLETE.  0 WARNING(S),  0 ERROR(S)
