C51 COMPILER V9.00   UART                                                                  07/18/2016 14:16:51 PAGE 1   


C51 COMPILER V9.00, COMPILATION OF MODULE UART
OBJECT MODULE PLACED IN ..\OUT\uart.obj
COMPILER INVOKED BY: C:\C51\BIN\C51.EXE ..\SRC\uart.c LARGE BROWSE INCDIR(..\INC;..\PRO;..\SRC) DEBUG OBJECTEXTEND PRINT
                    -(.\uart.lst) OBJECT(..\OUT\uart.obj)

line level    source

   1          #include "include.h"
   2          
   3          volatile OS_UART xdata uart;
   4          volatile OS_UART xdata uart232;
   5          volatile UINT8 InTemp;
   6          bit busy;
   7          
   8          #define RCV_OVER_TIMER          2
   9          #define RCV_OVER_TIMER232               2
  10          extern void Serial232PutChar(UINT8 dat);
  11          extern void Send485SerialByte(UINT8 *Ram, UINT16 len);
  12          
  13          
  14          /***************************************************
  15                          UART1初始化
  16                                                                                                  7     6     5     4     3     2     1     0     Reset Value
  17          sfr SCON = 0x98; //Serial Control         SM0/FE SM1   SM2   REN   TB8   RB8    TI    RI    0000,0000
  18          SM0 SM1:
  19           0   0         同步移位寄存器           fosc/12
  20           0   1             10位异步收发         由定时器控制
  21           1   0         11位异步收发             fosc/32或fosc/64
  22           1   1         11位异步收发         由定时器控制
  23          P = PSW.0      P=1奇   P=0偶
  24          ***************************************************/
  25          void InitT485(void)
  26          {
  27   1              SCON = 0x50;            //8位数据,可变波特率
  28   1              AUXR &= 0xBF;           //定时器1时钟为Fosc/12,即12T
  29   1              AUXR &= 0xFE;           //串口1选择定时器1为波特率发生器
  30   1              TMOD &= 0x0F;           //设定定时器1为16位自动重装方式
  31   1              TL1 = 0xE8;             //设定定时初值
  32   1              TH1 = 0xFF;             //设定定时初值
  33   1              ET1 = 0;                //禁止定时器1中断
  34   1              TR1 = 1;                //启动定时器1
  35   1      
  36   1      
  37   1      //      TMOD = (TMOD & 0x0f) | 0x20;    //8位自动重载定时器
  38   1      //      SCON = 0xd0;                            //串行口工作模式3选择
  39   1      //      IP   = 0x10;                                //PS set the high
  40   1      //      PCON  &= 0x7f;                  //SOMD =0
  41   1      //
  42   1      //      //波特率 38400
  43   1      //      AUXR |= 0x40;                           //定时器1时钟为Fosc,即1T
  44   1      //      AUXR &= 0xfe;                           //串口1选择定时器1为波特率发生器
  45   1      //      TL1 = 0xF7;                             //设定定时初值
  46   1      //      TH1 = 0xF7;                             //设定定时器重装值
  47   1      //
  48   1      //
  49   1      //      ET1  = 0;                       //close timer1 interrupt
  50   1      //      TR1  = 1;                           //open timer1
  51   1              ES   = 1;                                       //Enabled serial port interrrup 
  52   1              EA=1;
  53   1      
  54   1      }
C51 COMPILER V9.00   UART                                                                  07/18/2016 14:16:51 PAGE 2   

  55          /*******************************************************************************
  56                                                                  串口1初始化
  57                  input :     none
  58                  default:
  59                      data bits:  8
  60                      start bits: 1
  61                      stop bits:  1
  62                      parity:     NONE                                    
  63          *******************************************************************************/
  64          void UART485_Init(void)
  65          {
  66   1              InitT485();
  67   1              uart.rIndex = 0;
  68   1              uart.rFlag  = 0;
  69   1              uart.rTimer = 0;        
  70   1      }
  71          
  72          /*******************************************************************************
  73                                                           串口1中断函数
  74          *******************************************************************************/
  75          void SCON485_int (void) interrupt 4 using 1
  76          {
  77   1              if (RI)
  78   1          {
  79   2                      RI = 0;
  80   2              SBUF=SBUF; 
  81   2      //              if ( uart.rIndex >= UART_BUF_LEN ) return;
  82   2      //              if(uart.rFlag == ON)
  83   2      //                      return;
  84   2      //                      SBUF=SBUF;
  85   2      //              uart.rBuffer[uart.rIndex++] = SBUF;     
  86   2      //              uart.rTimer = RCV_OVER_TIMER;
  87   2              }
  88   1      }
  89          
  90          
  91          ////////////////////////////////////////////////////////////////////////////////
  92          // 功能描述 : 串口1发送一个字节数据
  93          // 输入参数 : 
  94          // 返回参数 : 
  95          // 说明     :  
  96          ////////////////////////////////////////////////////////////////////////////////
  97          void Usart1_SendByte(UINT8 byte)
  98          {
  99   1                      SBUF = byte;           
 100   1                      while(!TI){;}             
 101   1                      TI = 0;
 102   1      }
 103          /***********************************************
 104                  串口发送程序
 105          input :     *Ram    
 106                      len     
 107          output :    NONE
 108          ***********************************************/
 109          void Send485SerialByte(UINT8 *Ram, UINT16 len)
 110          {
 111   1          UINT8 ite;
 112   1      //      LED_TXD485_ON;
 113   1      //      M485_CTRL_ON;
 114   1              for(ite=0;ite<len;ite++)
 115   1              {
 116   2                      ACC = *Ram;
C51 COMPILER V9.00   UART                                                                  07/18/2016 14:16:51 PAGE 3   

 117   2                      if(P == 0)
 118   2                      {
 119   3                              TB8 = 0;
 120   3                      }
 121   2                      else
 122   2                      {
 123   3                              TB8 =1;
 124   3                      }
 125   2      
 126   2                      Usart1_SendByte(Ram[ite]);
 127   2              }
 128   1      //      M485_CTRL_OFF;
 129   1      //      LED_TXD485_OFF;
 130   1      
 131   1      }
 132          ///////////////////////////////////////////////--UART232--配置--////////////////////////////////
 133          
 134          /***************************************************
 135                          UART2初始化
 136          ***************************************************/
 137          void InitT232(void)
 138          {
 139   1              //扫描枪串口配置:8BIT数据位、无奇偶校验、1位停止位
 140   1              #if (PARITYBIT232 == NONE_PARITY)
 141   1              S2CON = 0x5A;               //8位可变波特率 (无校验位)
 142   1              #elif (PARITYBIT232 == ODD_PARITY) || (PARITYBIT == EVEN_PARITY) || (PARITYBIT == MARK_PARITY)
                      S2CON = 0xda;               //9位可变波特率,校验位初始为1
                      #elif (PARITYBIT232 == SPACE_PARITY)
                      S2CON = 0xd5;               //9位可变波特率,校验位初始为0
                      #endif
 147   1          
 148   1              switch (baudrate)
 149   1              {
 150   2                      case BD_4800:
 151   2                              BRT = -(FOSC/32/BD232_4800);      //设置独立波特率发生器的重载初值
 152   2                              break;
 153   2                      case BD_9600:
 154   2                              BRT = -(FOSC/32/BD232_9600);      //设置独立波特率发生器的重载初值
 155   2                              break;
 156   2                      case BD_19200:
 157   2                              BRT = -(FOSC/32/BD232_19200);      //设置独立波特率发生器的重载初值
 158   2                              PCON |= 0x80;
 159   2                              break;
 160   2                      case BD_38400:
 161   2                              BRT = -(FOSC/32/BD232_38400);      //设置独立波特率发生器的重载初值
 162   2                              break;
 163   2                      default:
 164   2                              BRT = -(FOSC/32/BD232_9600);      //设置独立波特率发生器的重载初值
 165   2                              break;
 166   2              }
 167   1              AUXR = 0x14;                //独立波特率发生器工作在1T模式
 168   1              IE2 = 0x01;                 //使能串口2中断     
 169   1          return;
 170   1      }
 171          /*******************************************************************************
 172                                                                  串口初始化
 173                  input :     none
 174                  default:
 175                      data bits:  8
 176                      start bits: 1
 177                      stop bits:  1
 178                      parity:     NONE                                    
C51 COMPILER V9.00   UART                                                                  07/18/2016 14:16:51 PAGE 4   

 179          *******************************************************************************/
 180          void UART232_Init(void)
 181          {
 182   1              InitT232();
 183   1              uart232.rIndex = 0;
 184   1              uart232.rFlag  = 0;
 185   1              uart232.rTimer = 0;     
 186   1      }
 187          
 188          /*******************************************************************************
 189                                                           扫描枪串口中断函数
 190                                          
 191          *******************************************************************************/
 192          void SCON232_int (void) interrupt 8
 193          {    
 194   1              if(uart232.rFlag == ON)
 195   1              {
 196   2                      uart232.rFlag   = OFF;
 197   2                      uart232.rIndex  = 0;
 198   2                      InTemp = 0;
 199   2              }
 200   1              // 接收中断
 201   1              if(S2CON & S2RI) 
 202   1              {
 203   2                      S2CON &= ~S2RI;         //清除接收完成标志                 
 204   2                      if ( uart232.rIndex >= UART232_BUF_LEN )
 205   2                              return;
 206   2                      uart232.rBuffer[uart232.rIndex++] = S2BUF;      
 207   2                      uart232.rTimer = RCV_OVER_TIMER232;        
 208   2              }
 209   1          //发送完成中断
 210   1              if (S2CON & S2TI)
 211   1              {
 212   2                      S2CON &= ~S2TI;         //清除发送完成标志
 213   2                      busy = 0;
 214   2              }
 215   1      }
 216          
 217          /*******************************************************************************
 218                                                                          END                                     
 219          *******************************************************************************/


MODULE INFORMATION:   STATIC OVERLAYABLE
   CODE SIZE        =    292    ----
   CONSTANT SIZE    =   ----    ----
   XDATA SIZE       =    211       4
   PDATA SIZE       =   ----    ----
   DATA SIZE        =   ----    ----
   IDATA SIZE       =   ----    ----
   BIT SIZE         =      1    ----
END OF MODULE INFORMATION.


C51 COMPILATION COMPLETE.  0 WARNING(S),  0 ERROR(S)
